2020-12-21 14:09:23.850[restartedMain][INFO ][com.mrtn.fx.FxApplication] Starting FxApplication using Java 11.0.9.1 on macbook.local with PID 2660 (/Users/hmurotani/Documents/workspace/springboot-fx/out/production/classes started by hmurotani in /Users/hmurotani/Documents/workspace/springboot-fx)
2020-12-21 14:09:23.855[restartedMain][INFO ][com.mrtn.fx.FxApplication] No active profile set, falling back to default profiles: default
2020-12-21 14:09:23.934[restartedMain][INFO ][org.springframework.boot.devtools.env.DevToolsPropertyDefaultsPostProcessor] Devtools property defaults active! Set 'spring.devtools.add-properties' to 'false' to disable
2020-12-21 14:09:23.935[restartedMain][INFO ][org.springframework.boot.devtools.env.DevToolsPropertyDefaultsPostProcessor] For additional web related logging consider setting the 'logging.level.web' property to 'DEBUG'
2020-12-21 14:09:24.625[restartedMain][INFO ][org.springframework.data.repository.config.RepositoryConfigurationDelegate] Bootstrapping Spring Data JPA repositories in DEFAULT mode.
2020-12-21 14:09:24.639[restartedMain][INFO ][org.springframework.data.repository.config.RepositoryConfigurationDelegate] Finished Spring Data repository scanning in 6 ms. Found 0 JPA repository interfaces.
2020-12-21 14:09:25.344[restartedMain][INFO ][org.springframework.boot.web.embedded.tomcat.TomcatWebServer] Tomcat initialized with port(s): 8080 (http)
2020-12-21 14:09:25.354[restartedMain][INFO ][org.apache.coyote.http11.Http11NioProtocol] Initializing ProtocolHandler ["http-nio-8080"]
2020-12-21 14:09:25.355[restartedMain][INFO ][org.apache.catalina.core.StandardService] Starting service [Tomcat]
2020-12-21 14:09:25.355[restartedMain][INFO ][org.apache.catalina.core.StandardEngine] Starting Servlet engine: [Apache Tomcat/9.0.41]
2020-12-21 14:09:25.431[restartedMain][INFO ][org.apache.catalina.core.ContainerBase.[Tomcat].[localhost].[/]] Initializing Spring embedded WebApplicationContext
2020-12-21 14:09:25.431[restartedMain][INFO ][org.springframework.boot.web.servlet.context.ServletWebServerApplicationContext] Root WebApplicationContext: initialization completed in 1495 ms
2020-12-21 14:09:25.620[restartedMain][INFO ][com.zaxxer.hikari.HikariDataSource] HikariPool-1 - Starting...
2020-12-21 14:09:25.739[restartedMain][INFO ][com.zaxxer.hikari.HikariDataSource] HikariPool-1 - Start completed.
2020-12-21 14:09:25.798[restartedMain][INFO ][org.hibernate.jpa.internal.util.LogHelper] HHH000204: Processing PersistenceUnitInfo [name: default]
2020-12-21 14:09:25.864[restartedMain][INFO ][org.hibernate.Version] HHH000412: Hibernate ORM core version 5.4.25.Final
2020-12-21 14:09:26.069[restartedMain][INFO ][org.hibernate.annotations.common.Version] HCANN000001: Hibernate Commons Annotations {5.1.2.Final}
2020-12-21 14:09:26.196[restartedMain][INFO ][org.hibernate.dialect.Dialect] HHH000400: Using dialect: org.hibernate.dialect.PostgreSQL95Dialect
2020-12-21 14:09:26.426[restartedMain][INFO ][org.hibernate.engine.transaction.jta.platform.internal.JtaPlatformInitiator] HHH000490: Using JtaPlatform implementation: [org.hibernate.engine.transaction.jta.platform.internal.NoJtaPlatform]
2020-12-21 14:09:26.437[restartedMain][INFO ][org.springframework.orm.jpa.LocalContainerEntityManagerFactoryBean] Initialized JPA EntityManagerFactory for persistence unit 'default'
2020-12-21 14:09:26.496[restartedMain][WARN ][org.springframework.boot.autoconfigure.orm.jpa.JpaBaseConfiguration$JpaWebConfiguration] spring.jpa.open-in-view is enabled by default. Therefore, database queries may be performed during view rendering. Explicitly configure spring.jpa.open-in-view to disable this warning
2020-12-21 14:09:26.606[restartedMain][INFO ][org.springframework.scheduling.concurrent.ThreadPoolTaskExecutor] Initializing ExecutorService 'applicationTaskExecutor'
2020-12-21 14:09:26.839[restartedMain][INFO ][org.springframework.boot.devtools.autoconfigure.OptionalLiveReloadServer] LiveReload server is running on port 35729
2020-12-21 14:09:26.852[restartedMain][INFO ][org.apache.coyote.http11.Http11NioProtocol] Starting ProtocolHandler ["http-nio-8080"]
2020-12-21 14:09:26.884[restartedMain][INFO ][org.springframework.boot.web.embedded.tomcat.TomcatWebServer] Tomcat started on port(s): 8080 (http) with context path ''
2020-12-21 14:09:26.896[restartedMain][INFO ][com.mrtn.fx.FxApplication] Started FxApplication in 3.75 seconds (JVM running for 4.452)
2020-12-21 14:09:53.477[http-nio-8080-exec-1][INFO ][org.apache.catalina.core.ContainerBase.[Tomcat].[localhost].[/]] Initializing Spring DispatcherServlet 'dispatcherServlet'
2020-12-21 14:09:53.478[http-nio-8080-exec-1][INFO ][org.springframework.web.servlet.DispatcherServlet] Initializing Servlet 'dispatcherServlet'
2020-12-21 14:09:53.479[http-nio-8080-exec-1][INFO ][org.springframework.web.servlet.DispatcherServlet] Completed initialization in 1 ms
2020-12-21 14:09:54.161[http-nio-8080-exec-5][INFO ][com.mrtn.fx.web.FxController] --- search start ---
2020-12-21 14:09:54.164[http-nio-8080-exec-5][INFO ][com.mrtn.fx.web.FxController] >>>>>0
2020-12-21 14:09:54.164[http-nio-8080-exec-5][INFO ][com.mrtn.fx.web.FxController] --- search end ---
2020-12-21 14:16:14.672[SpringContextShutdownHook][INFO ][org.springframework.scheduling.concurrent.ThreadPoolTaskExecutor] Shutting down ExecutorService 'applicationTaskExecutor'
2020-12-21 14:16:14.673[SpringContextShutdownHook][INFO ][org.springframework.orm.jpa.LocalContainerEntityManagerFactoryBean] Closing JPA EntityManagerFactory for persistence unit 'default'
2020-12-21 14:16:14.674[SpringContextShutdownHook][INFO ][com.zaxxer.hikari.HikariDataSource] HikariPool-1 - Shutdown initiated...
2020-12-21 14:16:14.685[SpringContextShutdownHook][INFO ][com.zaxxer.hikari.HikariDataSource] HikariPool-1 - Shutdown completed.
